2022-10-06 10:48:49.832  INFO 18964 --- [main] c.l.m.MybatisSpringbootApplication       : Starting MybatisSpringbootApplication on 李可 with PID 18964 (C:\Users\28752\Desktop\桌面办公文件夹\mybatis_springboot\target\classes started by 28752 in C:\Users\28752\Desktop\桌面办公文件夹\mybatis_springboot)
2022-10-06 10:48:49.856  INFO 18964 --- [main] c.l.m.MybatisSpringbootApplication       : No active profile set, falling back to default profiles: default
2022-10-06 10:48:52.179  INFO 18964 --- [main] o.s.b.w.embedded.tomcat.TomcatWebServer  : Tomcat initialized with port(s): 8082 (http)
2022-10-06 10:48:52.195  INFO 18964 --- [main] o.apache.catalina.core.StandardService   : Starting service [Tomcat]
2022-10-06 10:48:52.195  INFO 18964 --- [main] org.apache.catalina.core.StandardEngine  : Starting Servlet engine: [Apache Tomcat/9.0.41]
2022-10-06 10:48:52.357  INFO 18964 --- [main] o.a.c.c.C.[Tomcat].[localhost].[/]       : Initializing Spring embedded WebApplicationContext
2022-10-06 10:48:52.357  INFO 18964 --- [main] w.s.c.ServletWebServerApplicationContext : Root WebApplicationContext: initialization completed in 2361 ms
2022-10-06 10:48:52.523  INFO 18964 --- [main] c.a.d.s.b.a.DruidDataSourceAutoConfigure : Init DruidDataSource
2022-10-06 10:48:52.778  INFO 18964 --- [main] com.alibaba.druid.pool.DruidDataSource   : {dataSource-1} inited
2022-10-06 10:48:53.368  INFO 18964 --- [main] o.s.s.concurrent.ThreadPoolTaskExecutor  : Initializing ExecutorService 'applicationTaskExecutor'
2022-10-06 10:48:53.476  INFO 18964 --- [main] o.s.b.a.w.s.WelcomePageHandlerMapping    : Adding welcome page template: index
2022-10-06 10:48:53.930  INFO 18964 --- [main] o.s.b.w.embedded.tomcat.TomcatWebServer  : Tomcat started on port(s): 8082 (http) with context path ''
2022-10-06 10:48:53.946  INFO 18964 --- [main] c.l.m.MybatisSpringbootApplication       : Started MybatisSpringbootApplication in 5.386 seconds (JVM running for 7.936)
2022-10-06 10:50:45.761  INFO 18964 --- [http-nio-8082-exec-1] o.a.c.c.C.[Tomcat].[localhost].[/]       : Initializing Spring DispatcherServlet 'dispatcherServlet'
2022-10-06 10:50:45.762  INFO 18964 --- [http-nio-8082-exec-1] o.s.web.servlet.DispatcherServlet        : Initializing Servlet 'dispatcherServlet'
2022-10-06 10:50:45.770  INFO 18964 --- [http-nio-8082-exec-1] o.s.web.servlet.DispatcherServlet        : Completed initialization in 8 ms
2022-10-06 10:52:58.690  WARN 18964 --- [http-nio-8082-exec-6] c.a.druid.pool.DruidAbstractDataSource   : discard long time none received connection. , jdbcUrl : jdbc:mysql://localhost:3306/db_idshow?serverTimezone=Asia/Shanghai&useUnicode=true&characterEncoding=utf-8&zeroDateTimeBehavior=convertToNull&useSSL=false&allowPublicKeyRetrieval=true, version : 1.2.4, lastPacketReceivedIdleMillis : 132115
2022-10-06 11:00:17.731  WARN 18964 --- [http-nio-8082-exec-9] c.a.druid.pool.DruidAbstractDataSource   : discard long time none received connection. , jdbcUrl : jdbc:mysql://localhost:3306/db_idshow?serverTimezone=Asia/Shanghai&useUnicode=true&characterEncoding=utf-8&zeroDateTimeBehavior=convertToNull&useSSL=false&allowPublicKeyRetrieval=true, version : 1.2.4, lastPacketReceivedIdleMillis : 439005
2022-10-06 11:03:30.186  WARN 18964 --- [http-nio-8082-exec-2] c.a.druid.pool.DruidAbstractDataSource   : discard long time none received connection. , jdbcUrl : jdbc:mysql://localhost:3306/db_idshow?serverTimezone=Asia/Shanghai&useUnicode=true&characterEncoding=utf-8&zeroDateTimeBehavior=convertToNull&useSSL=false&allowPublicKeyRetrieval=true, version : 1.2.4, lastPacketReceivedIdleMillis : 192419
2022-10-06 11:07:12.819  WARN 18964 --- [http-nio-8082-exec-8] c.a.druid.pool.DruidAbstractDataSource   : discard long time none received connection. , jdbcUrl : jdbc:mysql://localhost:3306/db_idshow?serverTimezone=Asia/Shanghai&useUnicode=true&characterEncoding=utf-8&zeroDateTimeBehavior=convertToNull&useSSL=false&allowPublicKeyRetrieval=true, version : 1.2.4, lastPacketReceivedIdleMillis : 193279
2022-10-06 11:09:16.005  WARN 18964 --- [http-nio-8082-exec-1] c.a.druid.pool.DruidAbstractDataSource   : discard long time none received connection. , jdbcUrl : jdbc:mysql://localhost:3306/db_idshow?serverTimezone=Asia/Shanghai&useUnicode=true&characterEncoding=utf-8&zeroDateTimeBehavior=convertToNull&useSSL=false&allowPublicKeyRetrieval=true, version : 1.2.4, lastPacketReceivedIdleMillis : 123133
2022-10-06 11:13:52.295  WARN 18964 --- [http-nio-8082-exec-4] c.a.druid.pool.DruidAbstractDataSource   : discard long time none received connection. , jdbcUrl : jdbc:mysql://localhost:3306/db_idshow?serverTimezone=Asia/Shanghai&useUnicode=true&characterEncoding=utf-8&zeroDateTimeBehavior=convertToNull&useSSL=false&allowPublicKeyRetrieval=true, version : 1.2.4, lastPacketReceivedIdleMillis : 276254
2022-10-06 11:18:36.589  INFO 18964 --- [SpringContextShutdownHook] o.s.s.concurrent.ThreadPoolTaskExecutor  : Shutting down ExecutorService 'applicationTaskExecutor'
2022-10-06 11:18:36.592  INFO 18964 --- [SpringContextShutdownHook] com.alibaba.druid.pool.DruidDataSource   : {dataSource-1} closing ...
2022-10-06 11:18:36.598  INFO 18964 --- [SpringContextShutdownHook] com.alibaba.druid.pool.DruidDataSource   : {dataSource-1} closed
2022-10-06 11:18:54.539  INFO 9168 --- [main] c.l.m.MybatisSpringbootApplication       : Starting MybatisSpringbootApplication on 李可 with PID 9168 (C:\Users\28752\Desktop\桌面办公文件夹\mybatis_springboot\target\classes started by 28752 in C:\Users\28752\Desktop\桌面办公文件夹\mybatis_springboot)
2022-10-06 11:18:54.545  INFO 9168 --- [main] c.l.m.MybatisSpringbootApplication       : No active profile set, falling back to default profiles: default
2022-10-06 11:18:56.355  INFO 9168 --- [main] o.s.b.w.embedded.tomcat.TomcatWebServer  : Tomcat initialized with port(s): 8082 (http)
2022-10-06 11:18:56.377  INFO 9168 --- [main] o.apache.catalina.core.StandardService   : Starting service [Tomcat]
2022-10-06 11:18:56.378  INFO 9168 --- [main] org.apache.catalina.core.StandardEngine  : Starting Servlet engine: [Apache Tomcat/9.0.41]
2022-10-06 11:18:56.511  INFO 9168 --- [main] o.a.c.c.C.[Tomcat].[localhost].[/]       : Initializing Spring embedded WebApplicationContext
2022-10-06 11:18:56.511  INFO 9168 --- [main] w.s.c.ServletWebServerApplicationContext : Root WebApplicationContext: initialization completed in 1839 ms
2022-10-06 11:18:56.636  INFO 9168 --- [main] c.a.d.s.b.a.DruidDataSourceAutoConfigure : Init DruidDataSource
2022-10-06 11:18:56.770  INFO 9168 --- [main] com.alibaba.druid.pool.DruidDataSource   : {dataSource-1} inited
2022-10-06 11:18:57.219  INFO 9168 --- [main] o.s.s.concurrent.ThreadPoolTaskExecutor  : Initializing ExecutorService 'applicationTaskExecutor'
2022-10-06 11:18:57.305  INFO 9168 --- [main] o.s.b.a.w.s.WelcomePageHandlerMapping    : Adding welcome page template: index
2022-10-06 11:18:57.677  INFO 9168 --- [main] o.s.b.w.embedded.tomcat.TomcatWebServer  : Tomcat started on port(s): 8082 (http) with context path ''
2022-10-06 11:18:57.690  INFO 9168 --- [main] c.l.m.MybatisSpringbootApplication       : Started MybatisSpringbootApplication in 4.099 seconds (JVM running for 6.188)
2022-10-06 11:19:13.346  INFO 9168 --- [http-nio-8082-exec-1] o.a.c.c.C.[Tomcat].[localhost].[/]       : Initializing Spring DispatcherServlet 'dispatcherServlet'
2022-10-06 11:19:13.347  INFO 9168 --- [http-nio-8082-exec-1] o.s.web.servlet.DispatcherServlet        : Initializing Servlet 'dispatcherServlet'
2022-10-06 11:19:13.355  INFO 9168 --- [http-nio-8082-exec-1] o.s.web.servlet.DispatcherServlet        : Completed initialization in 8 ms
2022-10-06 11:51:32.773  INFO 9168 --- [SpringContextShutdownHook] o.s.s.concurrent.ThreadPoolTaskExecutor  : Shutting down ExecutorService 'applicationTaskExecutor'
2022-10-06 11:51:32.775  INFO 9168 --- [SpringContextShutdownHook] com.alibaba.druid.pool.DruidDataSource   : {dataSource-1} closing ...
2022-10-06 11:51:32.778  INFO 9168 --- [SpringContextShutdownHook] com.alibaba.druid.pool.DruidDataSource   : {dataSource-1} closed
